0 info it worked if it ends with ok
1 verbose cli [ 'node', '/usr/local/bin/npm', 'install', 'hummus' ]
2 info using npm@1.2.11
3 info using node@v0.8.20
4 verbose read json /Users/galkahana/Documents/git-projects/HummusJS/samples/package.json
5 verbose read json /Users/galkahana/Documents/git-projects/HummusJS/samples/node_modules/express/package.json
6 verbose read json /Users/galkahana/Documents/git-projects/HummusJS/samples/package.json
7 verbose cache add [ 'hummus', null ]
8 verbose cache add name=undefined spec="hummus" args=["hummus",null]
9 verbose parsed url { pathname: 'hummus', path: 'hummus', href: 'hummus' }
10 silly lockFile eab0ff03-hummus hummus
11 verbose lock hummus /Users/galkahana/.npm/eab0ff03-hummus.lock
12 silly lockFile eab0ff03-hummus hummus
13 silly lockFile eab0ff03-hummus hummus
14 verbose addNamed [ 'hummus', '' ]
15 verbose addNamed [ null, '' ]
16 silly lockFile 7fb06fd5-hummus hummus@
17 verbose lock hummus@ /Users/galkahana/.npm/7fb06fd5-hummus.lock
18 silly addNameRange { name: 'hummus', range: '', hasData: false }
19 verbose url raw hummus
20 verbose url resolving [ 'https://registry.npmjs.org/', './hummus' ]
21 verbose url resolved https://registry.npmjs.org/hummus
22 info trying registry request attempt 1 at 00:11:11
23 http GET https://registry.npmjs.org/hummus
24 http 200 https://registry.npmjs.org/hummus
25 silly registry.get cb [ 200,
25 silly registry.get   { vary: 'Accept',
25 silly registry.get     server: 'CouchDB/1.3.0 (Erlang OTP/R15B03)',
25 silly registry.get     etag: '"BZPK1L47CAI66LG1049PQU0P6"',
25 silly registry.get     date: 'Mon, 10 Jun 2013 21:11:13 GMT',
25 silly registry.get     'content-type': 'application/json',
25 silly registry.get     'content-length': '6956' } ]
26 silly addNameRange number 2 { name: 'hummus', range: '', hasData: true }
27 silly addNameRange versions [ 'hummus', [ '1.0.0', '1.0.1', '1.0.2', '1.0.3' ] ]
28 verbose addNamed [ 'hummus', '1.0.3' ]
29 verbose addNamed [ '1.0.3', '1.0.3' ]
30 silly lockFile bd00460a-hummus-1-0-3 hummus@1.0.3
31 verbose lock hummus@1.0.3 /Users/galkahana/.npm/bd00460a-hummus-1-0-3.lock
32 verbose read json /Users/galkahana/.npm/hummus/1.0.3/package/package.json
33 silly lockFile bd00460a-hummus-1-0-3 hummus@1.0.3
34 silly lockFile bd00460a-hummus-1-0-3 hummus@1.0.3
35 silly lockFile 7fb06fd5-hummus hummus@
36 silly lockFile 7fb06fd5-hummus hummus@
37 silly resolved [ { name: 'hummus',
37 silly resolved     version: '1.0.3',
37 silly resolved     description: 'Create, read and modify PDF files and streams',
37 silly resolved     main: 'hummus',
37 silly resolved     scripts: { install: 'node-gyp rebuild' },
37 silly resolved     repository: { type: 'git', url: 'git://github.com/galkahana/HummusJS.git' },
37 silly resolved     keywords: [ 'pdf', 'pdfhummus' ],
37 silly resolved     homepage: 'pdfhummus.com',
37 silly resolved     author: { name: 'Gal Kahana', email: 'gal.kahana@hotmail.com' },
37 silly resolved     license: 'Apache 2.0',
37 silly resolved     gypfile: true,
37 silly resolved     readmeFilename: 'readme',
37 silly resolved     gitHead: 'c9aeb5d2fec332e89a0b309f93bc16d77419c3f8',
37 silly resolved     readme: 'Hummus JS is a node driver for PDFHummus pdf reader/write.\nread about PDFHummus and hummus js in http://pdfhummus.com\nvisit the Hummus JS git project in https://github.com/galkahana/HummusJS\nvisit the PDFHummus git project in https://github.com/galkahana/pdf-writer\n',
37 silly resolved     _id: 'hummus@1.0.3',
37 silly resolved     _from: 'hummus@' } ]
38 info install hummus@1.0.3 into /Users/galkahana/Documents/git-projects/HummusJS/samples
39 info installOne hummus@1.0.3
40 verbose from cache /Users/galkahana/.npm/hummus/1.0.3/package/package.json
41 info /Users/galkahana/Documents/git-projects/HummusJS/samples/node_modules/hummus unbuild
42 verbose read json /Users/galkahana/Documents/git-projects/HummusJS/samples/node_modules/hummus/package.json
43 verbose tar unpack /Users/galkahana/.npm/hummus/1.0.3/package.tgz
44 silly lockFile d74c873c-usJS-samples-node-modules-hummus /Users/galkahana/Documents/git-projects/HummusJS/samples/node_modules/hummus
45 verbose lock /Users/galkahana/Documents/git-projects/HummusJS/samples/node_modules/hummus /Users/galkahana/.npm/d74c873c-usJS-samples-node-modules-hummus.lock
46 silly lockFile e060cb8f-ana-npm-hummus-1-0-3-package-tgz /Users/galkahana/.npm/hummus/1.0.3/package.tgz
47 verbose lock /Users/galkahana/.npm/hummus/1.0.3/package.tgz /Users/galkahana/.npm/e060cb8f-ana-npm-hummus-1-0-3-package-tgz.lock
48 silly gunzTarPerm modes [ '755', '644' ]
49 silly gunzTarPerm extractEntry package.json
50 silly gunzTarPerm extractEntry .npmignore
51 silly gunzTarPerm extractEntry LICENSE
52 silly gunzTarPerm extractEntry hummus.js
53 silly gunzTarPerm extractEntry runTests.js
54 silly gunzTarPerm extractEntry LicenseTemplate.txt
55 silly gunzTarPerm extractEntry binding.gyp
56 silly gunzTarPerm extractEntry readme
57 silly gunzTarPerm extractEntry samples/PDFServer.js
58 silly gunzTarPerm extractEntry samples/node_modules/express/package.json
59 silly gunzTarPerm extractEntry samples/node_modules/express/.npmignore
60 silly gunzTarPerm extractEntry samples/node_modules/express/LICENSE
61 silly gunzTarPerm extractEntry samples/node_modules/express/index.js
62 silly gunzTarPerm extractEntry samples/node_modules/express/test.js
63 silly gunzTarPerm extractEntry samples/node_modules/express/History.md
64 silly gunzTarPerm extractEntry samples/node_modules/express/lib/application.js
65 silly gunzTarPerm extractEntry samples/node_modules/express/lib/express.js
66 silly gunzTarPerm extractEntry samples/node_modules/express/lib/middleware.js
67 silly gunzTarPerm extractEntry samples/node_modules/express/lib/request.js
68 silly gunzTarPerm extractEntry samples/node_modules/express/lib/response.js
69 silly gunzTarPerm extractEntry samples/node_modules/express/lib/utils.js
70 silly gunzTarPerm extractEntry samples/node_modules/express/lib/view.js
71 silly gunzTarPerm extractEntry samples/node_modules/express/lib/router/index.js
72 silly gunzTarPerm extractEntry samples/node_modules/express/lib/router/route.js
73 silly gunzTarPerm extractEntry samples/node_modules/express/.travis.yml
74 silly gunzTarPerm extractEntry samples/node_modules/express/Makefile
75 silly gunzTarPerm extractEntry samples/node_modules/express/bin/express
76 silly gunzTarPerm extractEntry samples/node_modules/express/Readme.md
77 silly gunzTarPerm extractEntry samples/node_modules/express/node_modules/debug/package.json
78 silly gunzTarPerm extractEntry samples/node_modules/express/node_modules/debug/.npmignore
79 silly gunzTarPerm extractEntry samples/node_modules/express/node_modules/debug/debug.js
80 silly gunzTarPerm extractEntry samples/node_modules/express/node_modules/debug/index.js
81 silly gunzTarPerm extractEntry samples/node_modules/express/node_modules/debug/component.json
82 silly gunzTarPerm extractEntry samples/node_modules/express/node_modules/debug/example/app.js
83 silly gunzTarPerm extractEntry samples/node_modules/express/node_modules/debug/example/wildcards.js
84 silly gunzTarPerm extractEntry samples/node_modules/express/node_modules/debug/example/worker.js
85 silly gunzTarPerm extractEntry samples/node_modules/express/node_modules/debug/example/browser.html
86 silly gunzTarPerm extractEntry samples/node_modules/express/node_modules/debug/History.md
87 silly gunzTarPerm extractEntry samples/node_modules/express/node_modules/debug/lib/debug.js
88 silly gunzTarPerm extractEntry samples/node_modules/express/node_modules/debug/Readme.md
89 silly gunzTarPerm extractEntry samples/node_modules/express/node_modules/buffer-crc32/package.json
90 silly gunzTarPerm extractEntry samples/node_modules/express/node_modules/buffer-crc32/.npmignore
91 silly gunzTarPerm extractEntry samples/node_modules/express/node_modules/buffer-crc32/README.md
92 silly gunzTarPerm extractEntry samples/node_modules/express/node_modules/buffer-crc32/index.js
93 silly gunzTarPerm extractEntry samples/node_modules/express/node_modules/buffer-crc32/.travis.yml
94 silly gunzTarPerm extractEntry samples/node_modules/express/node_modules/buffer-crc32/tests/crc.test.js
95 silly gunzTarPerm extractEntry samples/node_modules/express/node_modules/connect/package.json
96 silly gunzTarPerm extractEntry samples/node_modules/express/node_modules/connect/.npmignore
97 silly gunzTarPerm extractEntry samples/node_modules/express/node_modules/connect/LICENSE
98 silly gunzTarPerm extractEntry samples/node_modules/express/node_modules/connect/index.js
99 silly gunzTarPerm extractEntry samples/node_modules/express/node_modules/connect/test.js
100 silly gunzTarPerm extractEntry samples/node_modules/express/node_modules/connect/.travis.yml
101 silly gunzTarPerm extractEntry samples/node_modules/express/node_modules/connect/lib/cache.js
102 silly gunzTarPerm extractEntry samples/node_modules/express/node_modules/connect/lib/connect.js
103 silly gunzTarPerm extractEntry samples/node_modules/express/node_modules/connect/lib/index.js
104 silly gunzTarPerm extractEntry samples/node_modules/express/node_modules/connect/lib/patch.js
105 silly gunzTarPerm extractEntry samples/node_modules/express/node_modules/connect/lib/proto.js
106 silly gunzTarPerm extractEntry samples/node_modules/express/node_modules/connect/lib/utils.js
107 silly gunzTarPerm extractEntry samples/node_modules/express/node_modules/connect/lib/middleware/basicAuth.js
108 silly gunzTarPerm extractEntry samples/node_modules/express/node_modules/connect/lib/middleware/errorHandler.js
109 silly gunzTarPerm extractEntry samples/node_modules/express/node_modules/connect/lib/middleware/favicon.js
110 silly gunzTarPerm extractEntry samples/node_modules/express/node_modules/connect/lib/middleware/json.js
111 silly gunzTarPerm extractEntry samples/node_modules/express/node_modules/connect/lib/middleware/limit.js
112 silly gunzTarPerm extractEntry samples/node_modules/express/node_modules/connect/lib/middleware/directory.js
113 silly gunzTarPerm extractEntry samples/node_modules/express/node_modules/connect/lib/middleware/methodOverride.js
114 silly gunzTarPerm extractEntry samples/node_modules/express/node_modules/connect/lib/middleware/multipart.js
115 silly gunzTarPerm extractEntry samples/node_modules/express/node_modules/connect/lib/middleware/query.js
116 silly gunzTarPerm extractEntry samples/node_modules/express/node_modules/connect/lib/middleware/responseTime.js
117 silly gunzTarPerm extractEntry samples/node_modules/express/node_modules/connect/lib/middleware/urlencoded.js
118 silly gunzTarPerm extractEntry samples/node_modules/express/node_modules/connect/lib/middleware/csrf.js
119 silly gunzTarPerm extractEntry samples/node_modules/express/node_modules/connect/lib/middleware/session.js
120 silly gunzTarPerm extractEntry samples/node_modules/express/node_modules/connect/lib/middleware/cookieSession.js
121 silly gunzTarPerm extractEntry samples/node_modules/express/node_modules/connect/lib/middleware/static.js
122 silly gunzTarPerm extractEntry samples/node_modules/express/node_modules/connect/lib/middleware/cookieParser.js
123 silly gunzTarPerm extractEntry samples/node_modules/express/node_modules/connect/lib/middleware/staticCache.js
124 silly gunzTarPerm extractEntry samples/node_modules/express/node_modules/connect/lib/middleware/compress.js
125 silly gunzTarPerm extractEntry samples/node_modules/express/node_modules/connect/lib/middleware/timeout.js
126 silly gunzTarPerm extractEntry samples/node_modules/express/node_modules/connect/lib/middleware/bodyParser.js
127 silly gunzTarPerm extractEntry samples/node_modules/express/node_modules/connect/lib/middleware/vhost.js
128 silly gunzTarPerm extractEntry samples/node_modules/express/node_modules/connect/lib/middleware/logger.js
129 silly gunzTarPerm extractEntry samples/node_modules/express/node_modules/connect/lib/middleware/session/cookie.js
130 silly gunzTarPerm extractEntry samples/node_modules/express/node_modules/connect/lib/middleware/session/memory.js
131 silly gunzTarPerm extractEntry samples/node_modules/express/node_modules/connect/lib/middleware/session/session.js
132 silly gunzTarPerm extractEntry samples/node_modules/express/node_modules/connect/lib/middleware/session/store.js
133 silly gunzTarPerm extractEntry samples/node_modules/express/node_modules/connect/lib/public/directory.html
134 silly gunzTarPerm extractEntry samples/node_modules/express/node_modules/connect/lib/public/error.html
135 silly gunzTarPerm extractEntry samples/node_modules/express/node_modules/connect/lib/public/favicon.ico
136 silly gunzTarPerm extractEntry samples/node_modules/express/node_modules/connect/lib/public/icons/page_white_edit.png
137 silly gunzTarPerm extractEntry samples/node_modules/express/node_modules/connect/lib/public/icons/page.png
138 silly gunzTarPerm extractEntry samples/node_modules/express/node_modules/connect/lib/public/icons/page_attach.png
139 silly gunzTarPerm extractEntry samples/node_modules/express/node_modules/connect/lib/public/icons/page_code.png
140 silly gunzTarPerm extractEntry samples/node_modules/express/node_modules/connect/lib/public/icons/page_copy.png
141 silly gunzTarPerm extractEntry samples/node_modules/express/node_modules/connect/lib/public/icons/page_delete.png
142 silly gunzTarPerm extractEntry samples/node_modules/express/node_modules/connect/lib/public/icons/page_edit.png
143 silly gunzTarPerm extractEntry samples/node_modules/express/node_modules/connect/lib/public/icons/page_error.png
144 silly gunzTarPerm extractEntry samples/node_modules/express/node_modules/connect/lib/public/icons/page_excel.png
145 silly gunzTarPerm extractEntry samples/node_modules/express/node_modules/connect/lib/public/icons/page_find.png
146 silly gunzTarPerm extractEntry samples/node_modules/express/node_modules/connect/lib/public/icons/page_gear.png
147 silly gunzTarPerm extractEntry samples/node_modules/express/node_modules/connect/lib/public/icons/page_go.png
148 silly gunzTarPerm extractEntry samples/node_modules/express/node_modules/connect/lib/public/icons/page_green.png
149 silly gunzTarPerm extractEntry samples/node_modules/express/node_modules/connect/lib/public/icons/page_key.png
150 silly gunzTarPerm extractEntry samples/node_modules/express/node_modules/connect/lib/public/icons/page_lightning.png
151 silly gunzTarPerm extractEntry samples/node_modules/express/node_modules/connect/lib/public/icons/page_link.png
152 silly gunzTarPerm extractEntry samples/node_modules/express/node_modules/connect/lib/public/icons/page_paintbrush.png
153 silly gunzTarPerm extractEntry samples/node_modules/express/node_modules/connect/lib/public/icons/page_paste.png
154 silly gunzTarPerm extractEntry samples/node_modules/express/node_modules/connect/lib/public/icons/page_red.png
155 silly gunzTarPerm extractEntry samples/node_modules/express/node_modules/connect/lib/public/icons/page_refresh.png
156 silly gunzTarPerm extractEntry samples/node_modules/express/node_modules/connect/lib/public/icons/page_save.png
157 silly gunzTarPerm extractEntry samples/node_modules/express/node_modules/connect/lib/public/icons/page_white.png
158 silly gunzTarPerm extractEntry samples/node_modules/express/node_modules/connect/lib/public/icons/page_white_acrobat.png
159 silly gunzTarPerm extractEntry samples/node_modules/express/node_modules/connect/lib/public/icons/page_white_actionscript.png
160 silly gunzTarPerm extractEntry samples/node_modules/express/node_modules/connect/lib/public/icons/page_white_add.png
161 silly gunzTarPerm extractEntry samples/node_modules/express/node_modules/connect/lib/public/icons/page_white_c.png
162 silly gunzTarPerm extractEntry samples/node_modules/express/node_modules/connect/lib/public/icons/page_white_camera.png
163 silly gunzTarPerm extractEntry samples/node_modules/express/node_modules/connect/lib/public/icons/page_white_cd.png
164 silly gunzTarPerm extractEntry samples/node_modules/express/node_modules/connect/lib/public/icons/page_white_code.png
165 silly gunzTarPerm extractEntry samples/node_modules/express/node_modules/connect/lib/public/icons/page_white_code_red.png
166 silly gunzTarPerm extractEntry samples/node_modules/express/node_modules/connect/lib/public/icons/page_white_coldfusion.png
167 silly gunzTarPerm extractEntry samples/node_modules/express/node_modules/connect/lib/public/icons/page_white_compressed.png
168 silly gunzTarPerm extractEntry samples/node_modules/express/node_modules/connect/lib/public/icons/page_white_copy.png
169 silly gunzTarPerm extractEntry samples/node_modules/express/node_modules/connect/lib/public/icons/page_white_cplusplus.png
170 silly gunzTarPerm extractEntry samples/node_modules/express/node_modules/connect/lib/public/icons/page_white_csharp.png
171 silly gunzTarPerm extractEntry samples/node_modules/express/node_modules/connect/lib/public/icons/page_white_cup.png
172 silly gunzTarPerm extractEntry samples/node_modules/express/node_modules/connect/lib/public/icons/page_white_database.png
173 silly gunzTarPerm extractEntry samples/node_modules/express/node_modules/connect/lib/public/icons/page_white_delete.png
174 silly gunzTarPerm extractEntry samples/node_modules/express/node_modules/connect/lib/public/icons/page_white_dvd.png
175 silly gunzTarPerm extractEntry samples/node_modules/express/node_modules/connect/lib/public/icons/page_add.png
176 silly gunzTarPerm extractEntry samples/node_modules/express/node_modules/connect/lib/public/icons/page_white_error.png
177 silly gunzTarPerm extractEntry samples/node_modules/express/node_modules/connect/lib/public/icons/page_white_excel.png
178 silly gunzTarPerm extractEntry samples/node_modules/express/node_modules/connect/lib/public/icons/page_white_find.png
179 silly gunzTarPerm extractEntry samples/node_modules/express/node_modules/connect/lib/public/icons/page_white_flash.png
180 silly gunzTarPerm extractEntry samples/node_modules/express/node_modules/connect/lib/public/icons/page_white_freehand.png
181 silly gunzTarPerm extractEntry samples/node_modules/express/node_modules/connect/lib/public/icons/page_white_gear.png
182 silly gunzTarPerm extractEntry samples/node_modules/express/node_modules/connect/lib/public/icons/page_white_get.png
183 silly gunzTarPerm extractEntry samples/node_modules/express/node_modules/connect/lib/public/icons/page_white_go.png
184 silly gunzTarPerm extractEntry samples/node_modules/express/node_modules/connect/lib/public/icons/page_white_h.png
185 silly gunzTarPerm extractEntry samples/node_modules/express/node_modules/connect/lib/public/icons/page_white_horizontal.png
186 silly gunzTarPerm extractEntry samples/node_modules/express/node_modules/connect/lib/public/icons/page_white_key.png
187 silly gunzTarPerm extractEntry samples/node_modules/express/node_modules/connect/lib/public/icons/page_white_lightning.png
188 silly gunzTarPerm extractEntry samples/node_modules/express/node_modules/connect/lib/public/icons/page_white_link.png
189 silly gunzTarPerm extractEntry samples/node_modules/express/node_modules/connect/lib/public/icons/page_white_magnify.png
190 silly gunzTarPerm extractEntry samples/node_modules/express/node_modules/connect/lib/public/icons/page_white_medal.png
191 silly gunzTarPerm extractEntry samples/node_modules/express/node_modules/connect/lib/public/icons/page_white_office.png
192 silly gunzTarPerm extractEntry samples/node_modules/express/node_modules/connect/lib/public/icons/page_white_paint.png
193 silly gunzTarPerm extractEntry samples/node_modules/express/node_modules/connect/lib/public/icons/page_white_paintbrush.png
194 silly gunzTarPerm extractEntry samples/node_modules/express/node_modules/connect/lib/public/icons/page_white_paste.png
195 silly gunzTarPerm extractEntry samples/node_modules/express/node_modules/connect/lib/public/icons/page_white_php.png
196 silly gunzTarPerm extractEntry samples/node_modules/express/node_modules/connect/lib/public/icons/page_white_picture.png
197 silly gunzTarPerm extractEntry samples/node_modules/express/node_modules/connect/lib/public/icons/page_white_powerpoint.png
198 silly gunzTarPerm extractEntry samples/node_modules/express/node_modules/connect/lib/public/icons/page_white_put.png
199 silly gunzTarPerm extractEntry samples/node_modules/express/node_modules/connect/lib/public/icons/page_white_ruby.png
200 silly gunzTarPerm extractEntry samples/node_modules/express/node_modules/connect/lib/public/icons/page_white_stack.png
201 silly gunzTarPerm extractEntry samples/node_modules/express/node_modules/connect/lib/public/icons/page_white_star.png
202 silly gunzTarPerm extractEntry samples/node_modules/express/node_modules/connect/lib/public/icons/page_white_swoosh.png
203 silly gunzTarPerm extractEntry samples/node_modules/express/node_modules/connect/lib/public/icons/page_white_text.png
204 silly gunzTarPerm extractEntry samples/node_modules/express/node_modules/connect/lib/public/icons/page_white_text_width.png
205 silly gunzTarPerm extractEntry samples/node_modules/express/node_modules/connect/lib/public/icons/page_white_tux.png
206 silly gunzTarPerm extractEntry samples/node_modules/express/node_modules/connect/lib/public/icons/page_white_vector.png
207 silly gunzTarPerm extractEntry samples/node_modules/express/node_modules/connect/lib/public/icons/page_white_visualstudio.png
208 silly gunzTarPerm extractEntry samples/node_modules/express/node_modules/connect/lib/public/icons/page_white_width.png
209 silly gunzTarPerm extractEntry samples/node_modules/express/node_modules/connect/lib/public/icons/page_white_word.png
210 silly gunzTarPerm extractEntry samples/node_modules/express/node_modules/connect/lib/public/icons/page_white_world.png
211 silly gunzTarPerm extractEntry samples/node_modules/express/node_modules/connect/lib/public/icons/page_white_wrench.png
212 silly gunzTarPerm extractEntry samples/node_modules/express/node_modules/connect/lib/public/icons/page_white_zip.png
213 silly gunzTarPerm extractEntry samples/node_modules/express/node_modules/connect/lib/public/icons/page_word.png
214 silly gunzTarPerm extractEntry samples/node_modules/express/node_modules/connect/lib/public/icons/page_world.png
215 silly gunzTarPerm extractEntry samples/node_modules/express/node_modules/connect/lib/public/style.css
216 silly gunzTarPerm extractEntry samples/node_modules/express/node_modules/connect/Readme.md
217 silly gunzTarPerm extractEntry samples/node_modules/express/node_modules/connect/node_modules/bytes/package.json
218 silly gunzTarPerm extractEntry samples/node_modules/express/node_modules/connect/node_modules/bytes/.npmignore
219 silly gunzTarPerm extractEntry samples/node_modules/express/node_modules/connect/node_modules/bytes/index.js
220 silly gunzTarPerm extractEntry samples/node_modules/express/node_modules/connect/node_modules/bytes/component.json
221 silly gunzTarPerm extractEntry samples/node_modules/express/node_modules/connect/node_modules/bytes/History.md
222 silly gunzTarPerm extractEntry samples/node_modules/express/node_modules/connect/node_modules/bytes/Makefile
223 silly gunzTarPerm extractEntry samples/node_modules/express/node_modules/connect/node_modules/bytes/Readme.md
224 silly gunzTarPerm extractEntry samples/node_modules/express/node_modules/connect/node_modules/cookie/package.json
225 silly gunzTarPerm extractEntry samples/node_modules/express/node_modules/connect/node_modules/cookie/.npmignore
226 silly gunzTarPerm extractEntry samples/node_modules/express/node_modules/connect/node_modules/cookie/README.md
227 silly gunzTarPerm extractEntry samples/node_modules/express/node_modules/connect/node_modules/cookie/index.js
228 silly gunzTarPerm extractEntry samples/node_modules/express/node_modules/connect/node_modules/cookie/.travis.yml
229 silly gunzTarPerm extractEntry samples/node_modules/express/node_modules/connect/node_modules/cookie/test/parse.js
230 silly gunzTarPerm extractEntry samples/node_modules/express/node_modules/connect/node_modules/cookie/test/serialize.js
231 silly gunzTarPerm extractEntry samples/node_modules/express/node_modules/connect/node_modules/cookie/test/mocha.opts
232 silly gunzTarPerm extractEntry samples/node_modules/express/node_modules/connect/node_modules/formidable/package.json
233 silly gunzTarPerm extractEntry samples/node_modules/express/node_modules/connect/node_modules/formidable/.npmignore
234 silly gunzTarPerm extractEntry samples/node_modules/express/node_modules/connect/node_modules/formidable/LICENSE
235 silly gunzTarPerm extractEntry samples/node_modules/express/node_modules/connect/node_modules/formidable/index.js
236 silly gunzTarPerm extractEntry samples/node_modules/express/node_modules/connect/node_modules/formidable/tool/record.js
237 silly gunzTarPerm extractEntry samples/node_modules/express/node_modules/connect/node_modules/formidable/.travis.yml
238 silly gunzTarPerm extractEntry samples/node_modules/express/node_modules/connect/node_modules/formidable/benchmark/bench-multipart-parser.js
239 silly gunzTarPerm extractEntry samples/node_modules/express/node_modules/connect/node_modules/formidable/example/json.js
240 silly gunzTarPerm extractEntry samples/node_modules/express/node_modules/connect/node_modules/formidable/example/post.js
241 silly gunzTarPerm extractEntry samples/node_modules/express/node_modules/connect/node_modules/formidable/example/upload.js
242 silly gunzTarPerm extractEntry samples/node_modules/express/node_modules/connect/node_modules/formidable/Readme.md
243 silly gunzTarPerm extractEntry samples/node_modules/express/node_modules/connect/node_modules/formidable/test/common.js
244 silly gunzTarPerm extractEntry samples/node_modules/express/node_modules/connect/node_modules/formidable/test/run.js
245 silly gunzTarPerm extractEntry samples/node_modules/express/node_modules/connect/node_modules/formidable/test/fixture/multipart.js
246 silly gunzTarPerm extractEntry samples/node_modules/express/node_modules/connect/node_modules/formidable/test/fixture/file/beta-sticker-1.png
247 silly gunzTarPerm extractEntry samples/node_modules/express/node_modules/connect/node_modules/formidable/test/fixture/file/binaryfile.tar.gz
248 silly gunzTarPerm extractEntry samples/node_modules/express/node_modules/connect/node_modules/formidable/test/fixture/file/blank.gif
249 silly gunzTarPerm extractEntry samples/node_modules/express/node_modules/connect/node_modules/formidable/test/fixture/file/funkyfilename.txt
250 silly gunzTarPerm extractEntry samples/node_modules/express/node_modules/connect/node_modules/formidable/test/fixture/file/menu_separator.png
251 silly gunzTarPerm extractEntry samples/node_modules/express/node_modules/connect/node_modules/formidable/test/fixture/file/plain.txt
252 silly gunzTarPerm extractEntry samples/node_modules/express/node_modules/connect/node_modules/formidable/test/fixture/http/special-chars-in-filename/info.md
253 silly gunzTarPerm extractEntry samples/node_modules/express/node_modules/connect/node_modules/formidable/test/fixture/js/encoding.js
254 silly gunzTarPerm extractEntry samples/node_modules/express/node_modules/connect/node_modules/formidable/test/fixture/js/misc.js
255 silly gunzTarPerm extractEntry samples/node_modules/express/node_modules/connect/node_modules/formidable/test/fixture/js/no-filename.js
256 silly gunzTarPerm extractEntry samples/node_modules/express/node_modules/connect/node_modules/formidable/test/fixture/js/preamble.js
257 silly gunzTarPerm extractEntry samples/node_modules/express/node_modules/connect/node_modules/formidable/test/fixture/js/special-chars-in-filename.js
258 silly gunzTarPerm extractEntry samples/node_modules/express/node_modules/connect/node_modules/formidable/test/fixture/js/workarounds.js
259 silly gunzTarPerm extractEntry samples/node_modules/express/node_modules/connect/node_modules/formidable/test/integration/test-fixtures.js
260 silly gunzTarPerm extractEntry samples/node_modules/express/node_modules/connect/node_modules/formidable/test/integration/test-json.js
261 silly gunzTarPerm extractEntry samples/node_modules/express/node_modules/connect/node_modules/formidable/test/integration/test-octet-stream.js
262 silly gunzTarPerm extractEntry samples/node_modules/express/node_modules/connect/node_modules/formidable/test/legacy/common.js
263 silly gunzTarPerm extractEntry samples/node_modules/express/node_modules/connect/node_modules/formidable/test/legacy/integration/test-multipart-parser.js
264 silly gunzTarPerm extractEntry samples/node_modules/express/node_modules/connect/node_modules/formidable/test/legacy/simple/test-file.js
265 silly gunzTarPerm extractEntry samples/node_modules/express/node_modules/connect/node_modules/formidable/test/legacy/simple/test-incoming-form.js
266 silly gunzTarPerm extractEntry samples/node_modules/express/node_modules/connect/node_modules/formidable/test/legacy/simple/test-multipart-parser.js
267 silly gunzTarPerm extractEntry samples/node_modules/express/node_modules/connect/node_modules/formidable/test/legacy/simple/test-querystring-parser.js
268 silly gunzTarPerm extractEntry samples/node_modules/express/node_modules/connect/node_modules/formidable/test/legacy/system/test-multi-video-upload.js
269 silly gunzTarPerm extractEntry samples/node_modules/express/node_modules/connect/node_modules/formidable/test/standalone/test-connection-aborted.js
270 silly gunzTarPerm extractEntry samples/node_modules/express/node_modules/connect/node_modules/formidable/test/standalone/test-content-transfer-encoding.js
271 silly gunzTarPerm extractEntry samples/node_modules/express/node_modules/connect/node_modules/formidable/test/standalone/test-issue-46.js
272 silly gunzTarPerm extractEntry samples/node_modules/express/node_modules/connect/node_modules/formidable/test/tools/base64.html
273 silly gunzTarPerm extractEntry samples/node_modules/express/node_modules/connect/node_modules/formidable/test/unit/test-file.js
274 silly gunzTarPerm extractEntry samples/node_modules/express/node_modules/connect/node_modules/formidable/test/unit/test-incoming-form.js
275 silly gunzTarPerm extractEntry samples/node_modules/express/node_modules/connect/node_modules/formidable/lib/file.js
276 silly gunzTarPerm extractEntry samples/node_modules/express/node_modules/connect/node_modules/formidable/lib/incoming_form.js
277 silly gunzTarPerm extractEntry samples/node_modules/express/node_modules/connect/node_modules/formidable/lib/index.js
278 silly gunzTarPerm extractEntry samples/node_modules/express/node_modules/connect/node_modules/formidable/lib/json_parser.js
279 silly gunzTarPerm extractEntry samples/node_modules/express/node_modules/connect/node_modules/formidable/lib/multipart_parser.js
280 silly gunzTarPerm extractEntry samples/node_modules/express/node_modules/connect/node_modules/formidable/lib/octet_parser.js
281 silly gunzTarPerm extractEntry samples/node_modules/express/node_modules/connect/node_modules/formidable/lib/querystring_parser.js
282 silly gunzTarPerm extractEntry samples/node_modules/express/node_modules/connect/node_modules/pause/package.json
283 silly gunzTarPerm extractEntry samples/node_modules/express/node_modules/connect/node_modules/pause/.npmignore
284 silly gunzTarPerm extractEntry samples/node_modules/express/node_modules/connect/node_modules/pause/index.js
285 silly gunzTarPerm extractEntry samples/node_modules/express/node_modules/connect/node_modules/pause/History.md
286 silly gunzTarPerm extractEntry samples/node_modules/express/node_modules/connect/node_modules/pause/Makefile
287 silly gunzTarPerm extractEntry samples/node_modules/express/node_modules/connect/node_modules/pause/Readme.md
288 silly gunzTarPerm extractEntry samples/node_modules/express/node_modules/connect/node_modules/qs/package.json
289 silly gunzTarPerm extractEntry samples/node_modules/express/node_modules/connect/node_modules/qs/.npmignore
290 silly gunzTarPerm extractEntry samples/node_modules/express/node_modules/connect/node_modules/qs/index.js
291 silly gunzTarPerm extractEntry samples/node_modules/express/node_modules/connect/node_modules/qs/.gitmodules
292 silly gunzTarPerm extractEntry samples/node_modules/express/node_modules/connect/node_modules/qs/Readme.md
293 silly gunzTarPerm extractEntry samples/node_modules/express/node_modules/connect/node_modules/send/package.json
294 silly gunzTarPerm extractEntry samples/node_modules/express/node_modules/connect/node_modules/send/.npmignore
295 silly gunzTarPerm extractEntry samples/node_modules/express/node_modules/connect/node_modules/send/index.js
296 silly gunzTarPerm extractEntry samples/node_modules/express/node_modules/connect/node_modules/send/History.md
297 silly gunzTarPerm extractEntry samples/node_modules/express/node_modules/connect/node_modules/send/lib/send.js
298 silly gunzTarPerm extractEntry samples/node_modules/express/node_modules/connect/node_modules/send/lib/utils.js
299 silly gunzTarPerm extractEntry samples/node_modules/express/node_modules/connect/node_modules/send/Makefile
300 silly gunzTarPerm extractEntry samples/node_modules/express/node_modules/connect/node_modules/send/Readme.md
301 silly gunzTarPerm extractEntry samples/node_modules/express/node_modules/connect/node_modules/send/node_modules/mime/package.json
302 silly gunzTarPerm extractEntry samples/node_modules/express/node_modules/connect/node_modules/send/node_modules/mime/README.md
303 silly gunzTarPerm extractEntry samples/node_modules/express/node_modules/connect/node_modules/send/node_modules/mime/LICENSE
304 silly gunzTarPerm extractEntry samples/node_modules/express/node_modules/connect/node_modules/send/node_modules/mime/mime.js
305 silly gunzTarPerm extractEntry samples/node_modules/express/node_modules/connect/node_modules/send/node_modules/mime/test.js
306 silly gunzTarPerm extractEntry samples/node_modules/express/node_modules/connect/node_modules/send/node_modules/mime/types/mime.types
307 silly gunzTarPerm extractEntry samples/node_modules/express/node_modules/connect/node_modules/send/node_modules/mime/types/node.types
308 silly gunzTarPerm extractEntry samples/node_modules/express/node_modules/cookie/package.json
309 silly gunzTarPerm extractEntry samples/node_modules/express/node_modules/cookie/.npmignore
310 silly gunzTarPerm extractEntry samples/node_modules/express/node_modules/cookie/README.md
311 silly gunzTarPerm extractEntry samples/node_modules/express/node_modules/cookie/LICENSE
312 silly gunzTarPerm extractEntry samples/node_modules/express/node_modules/cookie/index.js
313 silly gunzTarPerm extractEntry samples/node_modules/express/node_modules/cookie/.travis.yml
314 silly gunzTarPerm extractEntry samples/node_modules/express/node_modules/cookie/test/parse.js
315 silly gunzTarPerm extractEntry samples/node_modules/express/node_modules/cookie/test/serialize.js
316 silly gunzTarPerm extractEntry samples/node_modules/express/node_modules/cookie/test/mocha.opts
317 silly gunzTarPerm extractEntry samples/node_modules/express/node_modules/cookie-signature/package.json
318 silly gunzTarPerm extractEntry samples/node_modules/express/node_modules/cookie-signature/.npmignore
319 silly gunzTarPerm extractEntry samples/node_modules/express/node_modules/cookie-signature/index.js
320 silly gunzTarPerm extractEntry samples/node_modules/express/node_modules/cookie-signature/History.md
321 silly gunzTarPerm extractEntry samples/node_modules/express/node_modules/cookie-signature/Makefile
322 silly gunzTarPerm extractEntry samples/node_modules/express/node_modules/cookie-signature/Readme.md
323 silly gunzTarPerm extractEntry samples/node_modules/express/node_modules/commander/package.json
324 silly gunzTarPerm extractEntry samples/node_modules/express/node_modules/commander/.npmignore
325 silly gunzTarPerm extractEntry samples/node_modules/express/node_modules/commander/index.js
326 silly gunzTarPerm extractEntry samples/node_modules/express/node_modules/commander/.travis.yml
327 silly gunzTarPerm extractEntry samples/node_modules/express/node_modules/commander/History.md
328 silly gunzTarPerm extractEntry samples/node_modules/express/node_modules/commander/lib/commander.js
329 silly gunzTarPerm extractEntry samples/node_modules/express/node_modules/commander/Makefile
330 silly gunzTarPerm extractEntry samples/node_modules/express/node_modules/commander/Readme.md
331 silly gunzTarPerm extractEntry samples/node_modules/express/node_modules/fresh/package.json
332 silly gunzTarPerm extractEntry samples/node_modules/express/node_modules/fresh/.npmignore
333 silly gunzTarPerm extractEntry samples/node_modules/express/node_modules/fresh/index.js
334 silly gunzTarPerm extractEntry samples/node_modules/express/node_modules/fresh/Makefile
335 silly gunzTarPerm extractEntry samples/node_modules/express/node_modules/fresh/Readme.md
336 silly gunzTarPerm extractEntry samples/node_modules/express/node_modules/methods/package.json
337 silly gunzTarPerm extractEntry samples/node_modules/express/node_modules/methods/index.js
338 silly gunzTarPerm extractEntry samples/node_modules/express/node_modules/mkdirp/package.json
339 silly gunzTarPerm extractEntry samples/node_modules/express/node_modules/mkdirp/.npmignore
340 silly gunzTarPerm extractEntry samples/node_modules/express/node_modules/mkdirp/LICENSE
341 silly gunzTarPerm extractEntry samples/node_modules/express/node_modules/mkdirp/index.js
342 silly gunzTarPerm extractEntry samples/node_modules/express/node_modules/mkdirp/.travis.yml
343 silly gunzTarPerm extractEntry samples/node_modules/express/node_modules/mkdirp/examples/pow.js
344 silly gunzTarPerm extractEntry samples/node_modules/express/node_modules/mkdirp/README.markdown
345 silly gunzTarPerm extractEntry samples/node_modules/express/node_modules/mkdirp/test/chmod.js
346 silly gunzTarPerm extractEntry samples/node_modules/express/node_modules/mkdirp/test/perm.js
347 silly gunzTarPerm extractEntry samples/node_modules/express/node_modules/mkdirp/test/perm_sync.js
348 silly gunzTarPerm extractEntry samples/node_modules/express/node_modules/mkdirp/test/race.js
349 silly gunzTarPerm extractEntry samples/node_modules/express/node_modules/mkdirp/test/mkdirp.js
350 silly gunzTarPerm extractEntry samples/node_modules/express/node_modules/mkdirp/test/return.js
351 silly gunzTarPerm extractEntry samples/node_modules/express/node_modules/mkdirp/test/return_sync.js
352 silly gunzTarPerm extractEntry samples/node_modules/express/node_modules/mkdirp/test/root.js
353 silly gunzTarPerm extractEntry samples/node_modules/express/node_modules/mkdirp/test/sync.js
354 silly gunzTarPerm extractEntry samples/node_modules/express/node_modules/mkdirp/test/umask.js
355 silly gunzTarPerm extractEntry samples/node_modules/express/node_modules/mkdirp/test/clobber.js
356 silly gunzTarPerm extractEntry samples/node_modules/express/node_modules/mkdirp/test/umask_sync.js
357 silly gunzTarPerm extractEntry samples/node_modules/express/node_modules/mkdirp/test/rel.js
358 silly gunzTarPerm extractEntry samples/node_modules/express/node_modules/range-parser/package.json
359 silly gunzTarPerm extractEntry samples/node_modules/express/node_modules/range-parser/.npmignore
360 silly gunzTarPerm extractEntry samples/node_modules/express/node_modules/range-parser/index.js
361 silly gunzTarPerm extractEntry samples/node_modules/express/node_modules/range-parser/History.md
362 silly gunzTarPerm extractEntry samples/node_modules/express/node_modules/range-parser/Makefile
363 silly gunzTarPerm extractEntry samples/node_modules/express/node_modules/range-parser/Readme.md
364 silly gunzTarPerm extractEntry samples/node_modules/express/node_modules/send/package.json
365 silly gunzTarPerm extractEntry samples/node_modules/express/node_modules/send/.npmignore
366 silly gunzTarPerm extractEntry samples/node_modules/express/node_modules/send/index.js
367 silly gunzTarPerm extractEntry samples/node_modules/express/node_modules/send/History.md
368 silly gunzTarPerm extractEntry samples/node_modules/express/node_modules/send/lib/send.js
369 silly gunzTarPerm extractEntry samples/node_modules/express/node_modules/send/lib/utils.js
370 silly gunzTarPerm extractEntry samples/node_modules/express/node_modules/send/Makefile
371 silly gunzTarPerm extractEntry samples/node_modules/express/node_modules/send/Readme.md
372 silly gunzTarPerm extractEntry samples/node_modules/express/node_modules/send/node_modules/mime/package.json
373 silly gunzTarPerm extractEntry samples/node_modules/express/node_modules/send/node_modules/mime/README.md
374 silly gunzTarPerm extractEntry samples/node_modules/express/node_modules/send/node_modules/mime/LICENSE
375 silly gunzTarPerm extractEntry samples/node_modules/express/node_modules/send/node_modules/mime/mime.js
376 silly gunzTarPerm extractEntry samples/node_modules/express/node_modules/send/node_modules/mime/test.js
377 silly gunzTarPerm extractEntry samples/node_modules/express/node_modules/send/node_modules/mime/types/mime.types
378 silly gunzTarPerm extractEntry samples/node_modules/express/node_modules/send/node_modules/mime/types/node.types
379 silly gunzTarPerm extractEntry src/PDFBooleanDriver.h
380 silly gunzTarPerm extractEntry src/AbstractContentContextDriver.cpp
381 silly gunzTarPerm extractEntry src/ByteReaderDriver.cpp
382 silly gunzTarPerm extractEntry src/ByteReaderDriver.h
383 silly gunzTarPerm extractEntry src/ByteReaderWithPositionDriver.cpp
384 silly gunzTarPerm extractEntry src/ByteReaderWithPositionDriver.h
385 silly gunzTarPerm extractEntry src/ByteWriterDriver.cpp
386 silly gunzTarPerm extractEntry src/ByteWriterDriver.h
387 silly gunzTarPerm extractEntry src/ByteWriterWithPositionDriver.cpp
388 silly gunzTarPerm extractEntry src/ByteWriterWithPositionDriver.h
389 silly gunzTarPerm extractEntry src/CSSColors.h
390 silly gunzTarPerm extractEntry src/DictionaryContextDriver.cpp
391 silly gunzTarPerm extractEntry src/DictionaryContextDriver.h
392 silly gunzTarPerm extractEntry src/DocumentContextDriver.cpp
393 silly gunzTarPerm extractEntry src/DocumentContextDriver.h
394 silly gunzTarPerm extractEntry src/DocumentCopyingContextDriver.cpp
395 silly gunzTarPerm extractEntry src/DocumentCopyingContextDriver.h
396 silly gunzTarPerm extractEntry src/FormXObjectDriver.cpp
397 silly gunzTarPerm extractEntry src/FormXObjectDriver.h
398 silly gunzTarPerm extractEntry src/Hummus.cpp
399 silly gunzTarPerm extractEntry src/ImageXObjectDriver.cpp
400 silly gunzTarPerm extractEntry src/ImageXObjectDriver.h
401 silly gunzTarPerm extractEntry src/InfoDictionaryDriver.cpp
402 silly gunzTarPerm extractEntry src/InfoDictionaryDriver.h
403 silly gunzTarPerm extractEntry src/InputFileDriver.cpp
404 silly gunzTarPerm extractEntry src/InputFileDriver.h
405 silly gunzTarPerm extractEntry src/ObjectByteReader.cpp
406 silly gunzTarPerm extractEntry src/ObjectByteReader.h
407 silly gunzTarPerm extractEntry src/ObjectByteReaderWithPosition.cpp
408 silly gunzTarPerm extractEntry src/ObjectByteReaderWithPosition.h
409 silly gunzTarPerm extractEntry src/ObjectByteWriter.cpp
410 silly gunzTarPerm extractEntry src/ObjectByteWriter.h
411 silly gunzTarPerm extractEntry src/ObjectByteWriterWithPosition.cpp
412 silly gunzTarPerm extractEntry src/ObjectByteWriterWithPosition.h
413 silly gunzTarPerm extractEntry src/ObjectsContextDriver.cpp
414 silly gunzTarPerm extractEntry src/ObjectsContextDriver.h
415 silly gunzTarPerm extractEntry src/OutputFileDriver.cpp
416 silly gunzTarPerm extractEntry src/OutputFileDriver.h
417 silly gunzTarPerm extractEntry src/PageContentContextDriver.cpp
418 silly gunzTarPerm extractEntry src/PageContentContextDriver.h
419 silly gunzTarPerm extractEntry src/PDFArrayDriver.cpp
420 silly gunzTarPerm extractEntry src/PDFArrayDriver.h
421 silly gunzTarPerm extractEntry src/PDFBooleanDriver.cpp
422 silly gunzTarPerm extractEntry src/AbstractContentContextDriver.h
423 silly gunzTarPerm extractEntry src/PDFDateDriver.cpp
424 silly gunzTarPerm extractEntry src/PDFDateDriver.h
425 silly gunzTarPerm extractEntry src/PDFDictionaryDriver.cpp
426 silly gunzTarPerm extractEntry src/PDFDictionaryDriver.h
427 silly gunzTarPerm extractEntry src/PDFHexStringDriver.cpp
428 silly gunzTarPerm extractEntry src/PDFHexStringDriver.h
429 silly gunzTarPerm extractEntry src/PDFIndirectObjectReferenceDriver.cpp
430 silly gunzTarPerm extractEntry src/PDFIndirectObjectReferenceDriver.h
431 silly gunzTarPerm extractEntry src/PDFIntegerDriver.cpp
432 silly gunzTarPerm extractEntry src/PDFIntegerDriver.h
433 silly gunzTarPerm extractEntry src/PDFLiteralStringDriver.cpp
434 silly gunzTarPerm extractEntry src/PDFLiteralStringDriver.h
435 silly gunzTarPerm extractEntry src/PDFNameDriver.cpp
436 silly gunzTarPerm extractEntry src/PDFNameDriver.h
437 silly gunzTarPerm extractEntry src/PDFNullDriver.cpp
438 silly gunzTarPerm extractEntry src/PDFNullDriver.h
439 silly gunzTarPerm extractEntry src/PDFObjectDriver.cpp
440 silly gunzTarPerm extractEntry src/PDFObjectDriver.h
441 silly gunzTarPerm extractEntry src/PDFPageDriver.cpp
442 silly gunzTarPerm extractEntry src/PDFPageDriver.h
443 silly gunzTarPerm extractEntry src/PDFPageInputDriver.cpp
444 silly gunzTarPerm extractEntry src/PDFPageInputDriver.h
445 silly gunzTarPerm extractEntry src/PDFReaderDriver.cpp
446 silly gunzTarPerm extractEntry src/PDFReaderDriver.h
447 silly gunzTarPerm extractEntry src/PDFRealDriver.cpp
448 silly gunzTarPerm extractEntry src/PDFRealDriver.h
449 silly gunzTarPerm extractEntry src/PDFStreamDriver.cpp
450 silly gunzTarPerm extractEntry src/PDFStreamDriver.h
451 silly gunzTarPerm extractEntry src/PDFStreamInputDriver.cpp
452 silly gunzTarPerm extractEntry src/PDFStreamInputDriver.h
453 silly gunzTarPerm extractEntry src/PDFSymbolDriver.cpp
454 silly gunzTarPerm extractEntry src/PDFSymbolDriver.h
455 silly gunzTarPerm extractEntry src/PDFTextStringDriver.cpp
456 silly gunzTarPerm extractEntry src/PDFTextStringDriver.h
457 silly gunzTarPerm extractEntry src/PDFWriterDriver.cpp
458 silly gunzTarPerm extractEntry src/PDFWriterDriver.h
459 silly gunzTarPerm extractEntry src/ResourcesDictionaryDriver.cpp
460 silly gunzTarPerm extractEntry src/ResourcesDictionaryDriver.h
461 silly gunzTarPerm extractEntry src/UsedFontDriver.cpp
462 silly gunzTarPerm extractEntry src/UsedFontDriver.h
463 silly gunzTarPerm extractEntry src/XObjectContentContextDriver.cpp
464 silly gunzTarPerm extractEntry src/XObjectContentContextDriver.h
465 silly gunzTarPerm extractEntry tests/AppendPagesTest.js
466 silly gunzTarPerm extractEntry tests/HighLevelImages.js
467 silly gunzTarPerm extractEntry tests/ImagesAndFormsForwardReferenceTest.js
468 silly gunzTarPerm extractEntry tests/InputFileTest.js
469 silly gunzTarPerm extractEntry tests/HighLevelContentContext.js
470 silly gunzTarPerm extractEntry tests/AppendSpecialPagesTest.js
471 silly gunzTarPerm extractEntry tests/MergeToPDFForm.js
472 silly gunzTarPerm extractEntry tests/ModifyingExistingFileContent.js
473 silly gunzTarPerm extractEntry tests/PDFCopyingContextTest.js
474 silly gunzTarPerm extractEntry tests/PDFEmbedTest.js
475 silly gunzTarPerm extractEntry tests/FormXObjectTest.js
476 silly gunzTarPerm extractEntry tests/PDFParser.js
477 silly gunzTarPerm extractEntry tests/EmptyPagesPDF.js
478 silly gunzTarPerm extractEntry tests/ShutdownRestartTest.js
479 silly gunzTarPerm extractEntry tests/DFontTest.js
480 silly gunzTarPerm extractEntry tests/SimpleContentPageTest.js
481 silly gunzTarPerm extractEntry tests/CopyingAndMergingEmptyPages.js
482 silly gunzTarPerm extractEntry tests/SimpleTextUsageTest.js
483 silly gunzTarPerm extractEntry tests/BasicModification2.js
484 silly gunzTarPerm extractEntry tests/TiffSpecialsTest.js
485 silly gunzTarPerm extractEntry tests/BasicModification.js
486 silly gunzTarPerm extractEntry tests/TextMeasurementsTest.js
487 silly gunzTarPerm extractEntry tests/BasicJPGImagesTest.js
488 silly gunzTarPerm extractEntry tests/TiffImageTest.js
489 silly gunzTarPerm extractEntry tests/LinksTest.js
490 silly gunzTarPerm extractEntry tests/TTCFontTest.js
491 silly gunzTarPerm extractEntry tests/MergePDFPages.js
492 silly gunzTarPerm extractEntry tests/TestMaterials/ObjectStreams.pdf
493 silly gunzTarPerm extractEntry tests/TestMaterials/AddedItem.pdf
494 silly gunzTarPerm extractEntry tests/TestMaterials/BasicTIFFImagesTest.PDF
495 silly gunzTarPerm extractEntry tests/TestMaterials/fonts/arial.ttf
496 silly gunzTarPerm extractEntry tests/TestMaterials/fonts/BrushScriptStd.otf
497 silly gunzTarPerm extractEntry tests/TestMaterials/fonts/Courier.dfont
498 silly gunzTarPerm extractEntry tests/TestMaterials/fonts/HLB_____.PFB
499 silly gunzTarPerm extractEntry tests/TestMaterials/fonts/HLB_____.PFM
500 silly gunzTarPerm extractEntry tests/TestMaterials/fonts/KozGoPro-Regular.otf
501 silly gunzTarPerm extractEntry tests/TestMaterials/fonts/LucidaGrande.ttc
502 silly gunzTarPerm extractEntry tests/TestMaterials/images/.picasa.ini
503 silly gunzTarPerm extractEntry tests/TestMaterials/images/otherStage.JPG
504 silly gunzTarPerm extractEntry tests/TestMaterials/images/soundcloud_logo.jpg
505 silly gunzTarPerm extractEntry tests/TestMaterials/images/tiff/flower-separated-planar-8.tif
506 silly gunzTarPerm extractEntry tests/TestMaterials/images/tiff/.picasa.ini
507 silly gunzTarPerm extractEntry tests/TestMaterials/images/tiff/CCITT_2.TIF
508 silly gunzTarPerm extractEntry tests/TestMaterials/images/tiff/CCITT_3.TIF
509 silly gunzTarPerm extractEntry tests/TestMaterials/images/tiff/CCITT_4.TIF
510 silly gunzTarPerm extractEntry tests/TestMaterials/images/tiff/CCITT_5.TIF
511 silly gunzTarPerm extractEntry tests/TestMaterials/images/tiff/CCITT_6.TIF
512 silly gunzTarPerm extractEntry tests/TestMaterials/images/tiff/CCITT_7.TIF
513 silly gunzTarPerm extractEntry tests/TestMaterials/images/tiff/CCITT_8.TIF
514 silly gunzTarPerm extractEntry tests/TestMaterials/images/tiff/cramps-tile.tif
515 silly gunzTarPerm extractEntry tests/TestMaterials/images/tiff/cramps.tif
516 silly gunzTarPerm extractEntry tests/TestMaterials/images/tiff/dscf0013.tif
517 silly gunzTarPerm extractEntry tests/TestMaterials/images/tiff/fax2d.tif
518 silly gunzTarPerm extractEntry tests/TestMaterials/images/tiff/FLAG_T24.TIF
519 silly gunzTarPerm extractEntry tests/TestMaterials/images/tiff/flower-minisblack-2.tif
520 silly gunzTarPerm extractEntry tests/TestMaterials/images/tiff/flower-minisblack-4.tif
521 silly gunzTarPerm extractEntry tests/TestMaterials/images/tiff/flower-minisblack-8.tif
522 silly gunzTarPerm extractEntry tests/TestMaterials/images/tiff/flower-palette-2.tif
523 silly gunzTarPerm extractEntry tests/TestMaterials/images/tiff/flower-palette-4.tif
524 silly gunzTarPerm extractEntry tests/TestMaterials/images/tiff/flower-palette-8.tif
525 silly gunzTarPerm extractEntry tests/TestMaterials/images/tiff/flower-rgb-contig-2.tif
526 silly gunzTarPerm extractEntry tests/TestMaterials/images/tiff/flower-rgb-contig-4.tif
527 silly gunzTarPerm extractEntry tests/TestMaterials/images/tiff/flower-rgb-contig-8.tif
528 silly gunzTarPerm extractEntry tests/TestMaterials/images/tiff/flower-rgb-planar-8.tif
529 silly gunzTarPerm extractEntry tests/TestMaterials/images/tiff/flower-separated-contig-8.tif
530 silly gunzTarPerm extractEntry tests/TestMaterials/images/tiff/CCITT_1.TIF
531 silly gunzTarPerm extractEntry tests/TestMaterials/images/tiff/G31D.TIF
532 silly gunzTarPerm extractEntry tests/TestMaterials/images/tiff/G31DS.TIF
533 silly gunzTarPerm extractEntry tests/TestMaterials/images/tiff/G32D.TIF
534 silly gunzTarPerm extractEntry tests/TestMaterials/images/tiff/G32DS.TIF
535 silly gunzTarPerm extractEntry tests/TestMaterials/images/tiff/g3test.tif
536 silly gunzTarPerm extractEntry tests/TestMaterials/images/tiff/G4.TIF
537 silly gunzTarPerm extractEntry tests/TestMaterials/images/tiff/G4S.TIF
538 silly gunzTarPerm extractEntry tests/TestMaterials/images/tiff/GMARBLES.TIF
539 silly gunzTarPerm extractEntry tests/TestMaterials/images/tiff/jello.tif
540 silly gunzTarPerm extractEntry tests/TestMaterials/images/tiff/jim___ah.tif
541 silly gunzTarPerm extractEntry tests/TestMaterials/images/tiff/jim___cg.tif
542 silly gunzTarPerm extractEntry tests/TestMaterials/images/tiff/jim___dg.tif
543 silly gunzTarPerm extractEntry tests/TestMaterials/images/tiff/jim___gg.tif
544 silly gunzTarPerm extractEntry tests/TestMaterials/images/tiff/MARBIBM.TIF
545 silly gunzTarPerm extractEntry tests/TestMaterials/images/tiff/MARBLES.TIF
546 silly gunzTarPerm extractEntry tests/TestMaterials/images/tiff/multipage.tif
547 silly gunzTarPerm extractEntry tests/TestMaterials/images/tiff/oxford.tif
548 silly gunzTarPerm extractEntry tests/TestMaterials/images/tiff/quad-jpeg.tif
549 silly gunzTarPerm extractEntry tests/TestMaterials/images/tiff/quad-lzw.tif
550 silly gunzTarPerm extractEntry tests/TestMaterials/images/tiff/quad-tile.tif
551 silly gunzTarPerm extractEntry tests/TestMaterials/images/tiff/strike.tif
552 silly gunzTarPerm extractEntry tests/TestMaterials/images/tiff/XING_T24.TIF
553 silly gunzTarPerm extractEntry tests/TestMaterials/images/tiff/ycbcr-cat.tif
554 silly gunzTarPerm extractEntry tests/TestMaterials/images/tiff/zackthecat.tif
555 silly gunzTarPerm extractEntry tests/TestMaterials/Linearized.pdf
556 silly gunzTarPerm extractEntry tests/TestMaterials/MultipleChange.pdf
557 silly gunzTarPerm extractEntry tests/TestMaterials/AddedPage.pdf
558 silly gunzTarPerm extractEntry tests/TestMaterials/ObjectStreamsModified.pdf
559 silly gunzTarPerm extractEntry tests/TestMaterials/Original.pdf
560 silly gunzTarPerm extractEntry tests/TestMaterials/Protected.pdf
561 silly gunzTarPerm extractEntry tests/TestMaterials/RemovedItem.pdf
562 silly gunzTarPerm extractEntry tests/TestMaterials/Thumbs.db
563 silly gunzTarPerm extractEntry tests/TestMaterials/XObjectContent.PDF
564 verbose read json /Users/galkahana/Documents/git-projects/HummusJS/samples/node_modules/hummus/package.json
565 silly lockFile d74c873c-usJS-samples-node-modules-hummus /Users/galkahana/Documents/git-projects/HummusJS/samples/node_modules/hummus
566 silly lockFile d74c873c-usJS-samples-node-modules-hummus /Users/galkahana/Documents/git-projects/HummusJS/samples/node_modules/hummus
567 silly lockFile e060cb8f-ana-npm-hummus-1-0-3-package-tgz /Users/galkahana/.npm/hummus/1.0.3/package.tgz
568 silly lockFile e060cb8f-ana-npm-hummus-1-0-3-package-tgz /Users/galkahana/.npm/hummus/1.0.3/package.tgz
569 info preinstall hummus@1.0.3
570 verbose from cache /Users/galkahana/Documents/git-projects/HummusJS/samples/node_modules/hummus/package.json
571 verbose readDependencies using package.json deps
572 verbose from cache /Users/galkahana/Documents/git-projects/HummusJS/samples/node_modules/hummus/package.json
573 verbose readDependencies using package.json deps
574 silly resolved []
575 verbose about to build /Users/galkahana/Documents/git-projects/HummusJS/samples/node_modules/hummus
576 info build /Users/galkahana/Documents/git-projects/HummusJS/samples/node_modules/hummus
577 verbose from cache /Users/galkahana/Documents/git-projects/HummusJS/samples/node_modules/hummus/package.json
578 verbose linkStuff [ false,
578 verbose linkStuff   false,
578 verbose linkStuff   false,
578 verbose linkStuff   '/Users/galkahana/Documents/git-projects/HummusJS/samples/node_modules' ]
579 info linkStuff hummus@1.0.3
580 verbose linkBins hummus@1.0.3
581 verbose linkMans hummus@1.0.3
582 verbose rebuildBundles hummus@1.0.3
583 info install hummus@1.0.3
584 verbose unsafe-perm in lifecycle true
585 silly exec sh "-c" "node-gyp rebuild"
586 silly sh,-c,node-gyp rebuild,/Users/galkahana/Documents/git-projects/HummusJS/samples/node_modules/hummus spawning
587 info hummus@1.0.3 Failed to exec install script
588 info /Users/galkahana/Documents/git-projects/HummusJS/samples/node_modules/hummus unbuild
589 verbose from cache /Users/galkahana/Documents/git-projects/HummusJS/samples/node_modules/hummus/package.json
590 info preuninstall hummus@1.0.3
591 info uninstall hummus@1.0.3
592 verbose true,/Users/galkahana/Documents/git-projects/HummusJS/samples/node_modules,/Users/galkahana/Documents/git-projects/HummusJS/samples/node_modules unbuild hummus@1.0.3
593 info postuninstall hummus@1.0.3
594 error hummus@1.0.3 install: `node-gyp rebuild`
594 error `sh "-c" "node-gyp rebuild"` failed with 1
595 error Failed at the hummus@1.0.3 install script.
595 error This is most likely a problem with the hummus package,
595 error not with npm itself.
595 error Tell the author that this fails on your system:
595 error     node-gyp rebuild
595 error You can get their info via:
595 error     npm owner ls hummus
595 error There is likely additional logging output above.
596 error System Darwin 12.3.0
597 error command "node" "/usr/local/bin/npm" "install" "hummus"
598 error cwd /Users/galkahana/Documents/git-projects/HummusJS/samples
599 error node -v v0.8.20
600 error npm -v 1.2.11
601 error code ELIFECYCLE
602 verbose exit [ 1, true ]
